<?xml version="1.0" encoding="UTF-8"?>
<!-- Generated by org.testng.reporters.JUnitReportReporter -->
<testsuite hostname="DESKTOP-7UM9J9E" failures="0" tests="1" name="com.qaclick.FinalProject.LandingValidateMenu" time="0.078" errors="0" timestamp="05 Sep 2019 04:42:58 GMT" skipped="0">
  <testcase classname="com.qaclick.FinalProject.LandingValidateMenu" name="validateMenu" time="0.078"/>
</testsuite> <!-- com.qaclick.FinalProject.LandingValidateMenu -->
